-- The C compiler identification is GNU 11.4.0
-- The CXX compiler identification is GNU 11.4.0
-- Detecting C compiler ABI info
-- Detecting C compiler ABI info - done
-- Check for working C compiler: /usr/bin/cc - skipped
-- Detecting C compile features
-- Detecting C compile features - done
-- Detecting CXX compiler ABI info
-- Detecting CXX compiler ABI info - done
-- Check for working CXX compiler: /usr/bin/c++ - skipped
-- Detecting CXX compile features
-- Detecting CXX compile features - done
-- Found ament_cmake: 1.3.8 (/opt/ros/humble/share/ament_cmake/cmake)
-- Found Python3: /usr/bin/python3 (found version "3.10.12") found components: Interpreter 
-- Found ament_lint_auto: 0.12.10 (/opt/ros/humble/share/ament_lint_auto/cmake)
WARNING: Package name "Teabot_Controller" does not follow the naming conventions. It should start with a lower case letter and only contain lower case letters, digits, underscores, and dashes.
-- Added test 'lint_cmake' to check CMake code style
-- Added test 'xmllint' to check XML markup files
-- Configuring done
-- Generating done
-- Build files have been written to: /home/patrick/TeaBot/build/Teabot_Controller
-- Install configuration: ""
-- Installing: /home/patrick/TeaBot/install/Teabot_Controller/share/ament_index/resource_index/package_run_dependencies/Teabot_Controller
-- Installing: /home/patrick/TeaBot/install/Teabot_Controller/share/ament_index/resource_index/parent_prefix_path/Teabot_Controller
-- Installing: /home/patrick/TeaBot/install/Teabot_Controller/share/Teabot_Controller/environment/ament_prefix_path.sh
-- Installing: /home/patrick/TeaBot/install/Teabot_Controller/share/Teabot_Controller/environment/ament_prefix_path.dsv
-- Installing: /home/patrick/TeaBot/install/Teabot_Controller/share/Teabot_Controller/environment/path.sh
-- Installing: /home/patrick/TeaBot/install/Teabot_Controller/share/Teabot_Controller/environment/path.dsv
-- Installing: /home/patrick/TeaBot/install/Teabot_Controller/share/Teabot_Controller/local_setup.bash
-- Installing: /home/patrick/TeaBot/install/Teabot_Controller/share/Teabot_Controller/local_setup.sh
-- Installing: /home/patrick/TeaBot/install/Teabot_Controller/share/Teabot_Controller/local_setup.zsh
-- Installing: /home/patrick/TeaBot/install/Teabot_Controller/share/Teabot_Controller/local_setup.dsv
-- Installing: /home/patrick/TeaBot/install/Teabot_Controller/share/Teabot_Controller/package.dsv
-- Installing: /home/patrick/TeaBot/install/Teabot_Controller/share/ament_index/resource_index/packages/Teabot_Controller
-- Installing: /home/patrick/TeaBot/install/Teabot_Controller/share/Teabot_Controller/cmake/Teabot_ControllerConfig.cmake
-- Installing: /home/patrick/TeaBot/install/Teabot_Controller/share/Teabot_Controller/cmake/Teabot_ControllerConfig-version.cmake
-- Installing: /home/patrick/TeaBot/install/Teabot_Controller/share/Teabot_Controller/package.xml
